\BOOKMARK [0][-]{section*.1}{Abstract}{}% 1
\BOOKMARK [0][-]{section*.2}{LIST OF FIGURES}{}% 2
\BOOKMARK [0][-]{section*.3}{LIST OF TABLES}{}% 3
\BOOKMARK [0][-]{section*.4}{Notation and Symbols}{}% 4
\BOOKMARK [0][-]{section*.5}{Typesetting Experiments}{}% 5
\BOOKMARK [0][-]{chapter.1}{1. The First}{}% 6
\BOOKMARK [1][-]{section.1.1}{1.1 The first section}{chapter.1}% 7
\BOOKMARK [2][-]{subsection.1.1.1}{1.1.1 The first subsection}{section.1.1}% 8
\BOOKMARK [2][-]{subsection.1.1.2}{1.1.2 The second subsection}{section.1.1}% 9
\BOOKMARK [2][-]{subsection.1.1.3}{1.1.3 The third subsection}{section.1.1}% 10
\BOOKMARK [3][-]{subsubsection.1.1.3.1}{1.1.3.1 The first subsubsection}{subsection.1.1.3}% 11
\BOOKMARK [3][-]{subsubsection.1.1.3.2}{1.1.3.2 The second subsubsection}{subsection.1.1.3}% 12
\BOOKMARK [4][-]{paragraph.1.1.3.2.1}{1.1.3.2.1 The first numbered paragraph}{subsubsection.1.1.3.2}% 13
\BOOKMARK [4][-]{paragraph.1.1.3.2.2}{1.1.3.2.2 The second numbered paragraph}{subsubsection.1.1.3.2}% 14
\BOOKMARK [1][-]{section.1.2}{1.2 The second section}{chapter.1}% 15
\BOOKMARK [1][-]{section.1.3}{1.3 The third section}{chapter.1}% 16
\BOOKMARK [1][-]{section.1.4}{1.4 Free software packages}{chapter.1}% 17
\BOOKMARK [1][-]{section.1.5}{1.5 Resizing figures}{chapter.1}% 18
\BOOKMARK [1][-]{section.1.6}{1.6 Summary and conclusions}{chapter.1}% 19
\BOOKMARK [0][-]{chapter.2}{2. The Second}{}% 20
\BOOKMARK [0][-]{chapter.3}{3. The Third}{}% 21
\BOOKMARK [0][-]{chapter.4}{4. The Fourth}{}% 22
\BOOKMARK [1][-]{section.4.1}{4.1 More on the topic}{chapter.4}% 23
\BOOKMARK [1][-]{section.4.2}{4.2 Even more on the topic}{chapter.4}% 24
\BOOKMARK [1][-]{section.4.3}{4.3 Summary and conclusions}{chapter.4}% 25
\BOOKMARK [0][-]{chapter.5}{5. Extending TeX and METAFONT with floating point arithmetic}{}% 26
\BOOKMARK [0][-]{chapter.6}{6. Sample theorem-like environments}{}% 27
\BOOKMARK [1][-]{section.6.1}{6.1 Default-numbered samples}{chapter.6}% 28
\BOOKMARK [1][-]{section.6.2}{6.2 Chapter-numbered samples}{chapter.6}% 29
\BOOKMARK [1][-]{section.6.3}{6.3 Section-numbered samples}{chapter.6}% 30
\BOOKMARK [2][-]{subsection.6.3.1}{6.3.1 Subsection-numbered samples}{section.6.3}% 31
\BOOKMARK [2][-]{subsection.6.3.2}{6.3.2 More subsection-numbered samples}{section.6.3}% 32
\BOOKMARK [0][-]{appendix.A}{A. The First}{}% 33
\BOOKMARK [0][-]{appendix.B}{B. The Second}{}% 34
\BOOKMARK [0][-]{appendix.C}{C. The Third}{}% 35
\BOOKMARK [0][-]{appendix.C}{Binomial Nomenclature Index}{}% 36
\BOOKMARK [0][-]{appendix.C}{Free Software Index}{}% 37
\BOOKMARK [0][-]{appendix.C}{Topic Index}{}% 38
