This is pdfTeX, Version 3.14159265-2.6-1.40.17 (TeX Live 2017/dev) (preloaded format=pdflatex 2016.9.8)  12 MAR 2017 16:26
entering extended mode
 restricted \write18 enabled.
 %&-line parsing enabled.
**sample-thesis-0.tex
(./sample-thesis-0.tex
LaTeX2e <2016/03/31> patch level 3
Babel <3.9r> and hyphenation patterns for 83 language(s) loaded.
(./uuthesis2e.cls
Document Class: uuthesis2e 1998/04/01 v1.3 University of Utah Thesis Class
Document Style `uuthesis2e'. Version 1.8d - 6 Apr 1996
(./Chicago.clo)
(/home/archive/share/lib/tex/texlive-2017-02/texmf-dist/tex/latex/base/size11.c
lo
File: size11.clo 2014/09/29 v1.4h Standard LaTeX file (size option)
)
Using 11pt option
Option 11pt uses 5pt for 'tiny': microfilm needs 2mm.
\footheight=\dimen102
\numberofappendices=\count79
\c@part=\count80
\c@chapter=\count81
\@titlesize=\dimen103
\@maxsize=\dimen104
\c@figure=\count82
\c@table=\count83
\descriptionmargin=\dimen105
\minilength=\skip41
\c@oldchapter=\count84
\c@oldtocdepth=\count85
)
(/home/archive/share/lib/tex/texlive-2017-02/texmf-dist/tex/latex/amscls/amsthm
.sty
Package: amsthm 2015/03/04 v2.20.2
\thm@style=\toks14
\thm@bodyfont=\toks15
\thm@headfont=\toks16
\thm@notefont=\toks17
\thm@headpunct=\toks18
\thm@preskip=\skip42
\thm@postskip=\skip43
\thm@headsep=\skip44
\dth@everypar=\toks19
LaTeX Info: Redefining \qed on input line 264.
)
(/home/archive/share/lib/tex/texlive-2017-02/texmf-dist/tex/latex/psnfss/mathpa
zo.sty
Package: mathpazo 2005/04/12 PSNFSS-v9.2a Palatino w/ Pazo Math (D.Puga, WaS) 
\symupright=\mathgroup4
)
\c@section=\count86
\c@subsection=\count87
\c@paragraph=\count88
\c@subsubsection=\count89

(/home/archive/share/lib/tex/texlive-2017-02/texmf-dist/tex/latex/amsmath/amsma
th.sty
Package: amsmath 2016/11/05 v2.16a AMS math features
\@mathmargin=\skip45

For additional information on amsmath, use the `?' option.

(/home/archive/share/lib/tex/texlive-2017-02/texmf-dist/tex/latex/amsmath/amste
xt.sty
Package: amstext 2000/06/29 v2.01 AMS text

(/home/archive/share/lib/tex/texlive-2017-02/texmf-dist/tex/latex/amsmath/amsge
n.sty
File: amsgen.sty 1999/11/30 v2.0 generic functions
\@emptytoks=\toks20
\ex@=\dimen106
))
(/home/archive/share/lib/tex/texlive-2017-02/texmf-dist/tex/latex/amsmath/amsbs
y.sty
Package: amsbsy 1999/11/29 v1.2d Bold Symbols
\pmbraise@=\dimen107
)
(/home/archive/share/lib/tex/texlive-2017-02/texmf-dist/tex/latex/amsmath/amsop
n.sty
Package: amsopn 2016/03/08 v2.02 operator names
)
\inf@bad=\count90
LaTeX Info: Redefining \frac on input line 213.
\uproot@=\count91
\leftroot@=\count92
LaTeX Info: Redefining \overline on input line 375.
\classnum@=\count93
\DOTSCASE@=\count94
LaTeX Info: Redefining \ldots on input line 472.
LaTeX Info: Redefining \dots on input line 475.
LaTeX Info: Redefining \cdots on input line 596.
\Mathstrutbox@=\box26
\strutbox@=\box27
\big@size=\dimen108
LaTeX Font Info:    Redeclaring font encoding OML on input line 712.
LaTeX Font Info:    Redeclaring font encoding OMS on input line 713.
\macc@depth=\count95
\c@MaxMatrixCols=\count96
\dotsspace@=\muskip10
\c@parentequation=\count97
\dspbrk@lvl=\count98
\tag@help=\toks21
\row@=\count99
\column@=\count100
\maxfields@=\count101
\andhelp@=\toks22
\eqnshift@=\dimen109
\alignsep@=\dimen110
\tagshift@=\dimen111
\tagwidth@=\dimen112
\totwidth@=\dimen113
\lineht@=\dimen114
\@envbody=\toks23
\multlinegap=\skip46
\multlinetaggap=\skip47
\mathdisplay@stack=\toks24
LaTeX Info: Redefining \[ on input line 2817.
LaTeX Info: Redefining \] on input line 2818.
) (./amssymb.sty
Package: amssymb 1996/11/03 v2.2b

(/home/archive/share/lib/tex/texlive-2017-02/texmf-dist/tex/latex/amsfonts/amsf
onts.sty
Package: amsfonts 2013/01/14 v3.01 Basic AMSFonts support
\symAMSa=\mathgroup5
\symAMSb=\mathgroup6
LaTeX Font Info:    Overwriting math alphabet `\mathfrak' in version `bold'
(Font)                  U/euf/m/n --> U/euf/b/n on input line 106.
))
(/home/archive/share/lib/tex/texlive-2017-02/texmf-dist/tex/latex/tools/bm.sty
Package: bm 2017/01/16 v1.2c Bold Symbol Support (DPC/FMi)
\symboldoperators=\mathgroup7
\symboldletters=\mathgroup8
\symboldsymbols=\mathgroup9
\symboldupright=\mathgroup10
LaTeX Font Info:    Redeclaring math alphabet \mathbf on input line 141.
LaTeX Info: Redefining \bm on input line 207.
) (./bibnames.sty
This is bibnames.sty, Version 1.04 <13 June 1992>

(/home/archive/share/lib/tex/texlive-2017-02/texmf-dist/tex/generic/beebe/texna
mes.sty
This is texnames.sty, Version 1.10 <02 March 1998>
)) (./citesort.sty
\@minsofar=\count102
\@min=\count103
\@cite@temp=\count104
)
(/home/archive/share/lib/tex/texlive-2017-02/texmf-dist/tex/latex/graphics/grap
hicx.sty
Package: graphicx 2014/10/28 v1.0g Enhanced LaTeX Graphics (DPC,SPQR)

(/home/archive/share/lib/tex/texlive-2017-02/texmf-dist/tex/latex/graphics/keyv
al.sty
Package: keyval 2014/10/28 v1.15 key=value parser (DPC)
\KV@toks@=\toks25
)
(/home/archive/share/lib/tex/texlive-2017-02/texmf-dist/tex/latex/graphics/grap
hics.sty
Package: graphics 2016/10/09 v1.0u Standard LaTeX Graphics (DPC,SPQR)

(/home/archive/share/lib/tex/texlive-2017-02/texmf-dist/tex/latex/graphics/trig
.sty
Package: trig 2016/01/03 v1.10 sin cos tan (DPC)
)
(/home/archive/share/lib/tex/texlive-2017-02/texmf-dist/tex/latex/graphics-cfg/
graphics.cfg
File: graphics.cfg 2016/06/04 v1.11 sample graphics configuration
)
Package graphics Info: Driver file: pdftex.def on input line 99.

(/home/archive/share/lib/tex/texlive-2017-02/texmf-dist/tex/latex/graphics-def/
pdftex.def
File: pdftex.def 2017/01/12 v0.06k Graphics/color for pdfTeX

(/home/archive/share/lib/tex/texlive-2017-02/texmf-dist/tex/generic/oberdiek/in
fwarerr.sty
Package: infwarerr 2016/05/16 v1.4 Providing info/warning/error messages (HO)
)
(/home/archive/share/lib/tex/texlive-2017-02/texmf-dist/tex/generic/oberdiek/lt
xcmds.sty
Package: ltxcmds 2016/05/16 v1.23 LaTeX kernel commands for general use (HO)
)
\Gread@gobject=\count105
))
\Gin@req@height=\dimen115
\Gin@req@width=\dimen116
)
(/home/archive/share/lib/tex/texlive-2017-02/texmf-dist/tex/latex/base/graphpap
.sty
Package: graphpap 1994/08/09 v1.0c Standard LaTeX graphpap package (LL)
)
(/home/archive/share/lib/tex/texlive-2017-02/texmf-dist/tex/latex/tools/longtab
le.sty
Package: longtable 2014/10/28 v4.11 Multi-page Table package (DPC)
\LTleft=\skip48
\LTright=\skip49
\LTpre=\skip50
\LTpost=\skip51
\LTchunksize=\count106
\LTcapwidth=\dimen117
\LT@head=\box28
\LT@firsthead=\box29
\LT@foot=\box30
\LT@lastfoot=\box31
\LT@cols=\count107
\LT@rows=\count108
\c@LT@tables=\count109
\c@LT@chunks=\count110
\LT@p@ftn=\toks26
)
(/home/archive/share/lib/tex/texlive-2017-02/texmf-dist/tex/latex/multirow/mult
irow.sty
Package: multirow 2016/11/25 v2.2 Span multiple rows of a table
\multirow@colwidth=\skip52
\multirow@cntb=\count111
\multirow@dima=\skip53
\bigstrutjot=\dimen118
)
(/home/archive/share/lib/tex/texlive-2017-02/texmf-dist/tex/latex/pgf/frontendl
ayer/tikz.sty
(/home/archive/share/lib/tex/texlive-2017-02/texmf-dist/tex/latex/pgf/basiclaye
r/pgf.sty
(/home/archive/share/lib/tex/texlive-2017-02/texmf-dist/tex/latex/pgf/utilities
/pgfrcs.sty
(/home/archive/share/lib/tex/texlive-2017-02/texmf-dist/tex/generic/pgf/utiliti
es/pgfutil-common.tex
\pgfutil@everybye=\toks27
\pgfutil@tempdima=\dimen119
\pgfutil@tempdimb=\dimen120

(/home/archive/share/lib/tex/texlive-2017-02/texmf-dist/tex/generic/pgf/utiliti
es/pgfutil-common-lists.tex))
(/home/archive/share/lib/tex/texlive-2017-02/texmf-dist/tex/generic/pgf/utiliti
es/pgfutil-latex.def
\pgfutil@abb=\box32

(/home/archive/share/lib/tex/texlive-2017-02/texmf-dist/tex/latex/ms/everyshi.s
ty
Package: everyshi 2001/05/15 v3.00 EveryShipout Package (MS)
))
(/home/archive/share/lib/tex/texlive-2017-02/texmf-dist/tex/generic/pgf/utiliti
es/pgfrcs.code.tex
Package: pgfrcs 2015/08/07 v3.0.1a (rcs-revision 1.31)
))
Package: pgf 2015/08/07 v3.0.1a (rcs-revision 1.15)

(/home/archive/share/lib/tex/texlive-2017-02/texmf-dist/tex/latex/pgf/basiclaye
r/pgfcore.sty
(/home/archive/share/lib/tex/texlive-2017-02/texmf-dist/tex/latex/pgf/systemlay
er/pgfsys.sty
(/home/archive/share/lib/tex/texlive-2017-02/texmf-dist/tex/generic/pgf/systeml
ayer/pgfsys.code.tex
Package: pgfsys 2014/07/09 v3.0.1a (rcs-revision 1.48)

(/home/archive/share/lib/tex/texlive-2017-02/texmf-dist/tex/generic/pgf/utiliti
es/pgfkeys.code.tex
\pgfkeys@pathtoks=\toks28
\pgfkeys@temptoks=\toks29

(/home/archive/share/lib/tex/texlive-2017-02/texmf-dist/tex/generic/pgf/utiliti
es/pgfkeysfiltered.code.tex
\pgfkeys@tmptoks=\toks30
))
\pgf@x=\dimen121
\pgf@y=\dimen122
\pgf@xa=\dimen123
\pgf@ya=\dimen124
\pgf@xb=\dimen125
\pgf@yb=\dimen126
\pgf@xc=\dimen127
\pgf@yc=\dimen128
\w@pgf@writea=\write3
\r@pgf@reada=\read1
\c@pgf@counta=\count112
\c@pgf@countb=\count113
\c@pgf@countc=\count114
\c@pgf@countd=\count115
\t@pgf@toka=\toks31
\t@pgf@tokb=\toks32
\t@pgf@tokc=\toks33

(/home/archive/share/lib/tex/texlive-2017-02/texmf-dist/tex/generic/pgf/systeml
ayer/pgf.cfg
File: pgf.cfg 2008/05/14  (rcs-revision 1.7)
)
Driver file for pgf: pgfsys-pdftex.def

(/home/archive/share/lib/tex/texlive-2017-02/texmf-dist/tex/generic/pgf/systeml
ayer/pgfsys-pdftex.def
File: pgfsys-pdftex.def 2014/10/11  (rcs-revision 1.35)

(/home/archive/share/lib/tex/texlive-2017-02/texmf-dist/tex/generic/pgf/systeml
ayer/pgfsys-common-pdf.def
File: pgfsys-common-pdf.def 2013/10/10  (rcs-revision 1.13)
)))
(/home/archive/share/lib/tex/texlive-2017-02/texmf-dist/tex/generic/pgf/systeml
ayer/pgfsyssoftpath.code.tex
File: pgfsyssoftpath.code.tex 2013/09/09  (rcs-revision 1.9)
\pgfsyssoftpath@smallbuffer@items=\count116
\pgfsyssoftpath@bigbuffer@items=\count117
)
(/home/archive/share/lib/tex/texlive-2017-02/texmf-dist/tex/generic/pgf/systeml
ayer/pgfsysprotocol.code.tex
File: pgfsysprotocol.code.tex 2006/10/16  (rcs-revision 1.4)
))
(/home/archive/share/lib/tex/texlive-2017-02/texmf-dist/tex/latex/xcolor/xcolor
.sty
Package: xcolor 2016/05/11 v2.12 LaTeX color extensions (UK)

(/home/archive/share/lib/tex/texlive-2017-02/texmf-dist/tex/latex/graphics-cfg/
color.cfg
File: color.cfg 2016/01/02 v1.6 sample color configuration
)
Package xcolor Info: Driver file: pdftex.def on input line 225.
Package xcolor Info: Model `cmy' substituted by `cmy0' on input line 1348.
Package xcolor Info: Model `hsb' substituted by `rgb' on input line 1352.
Package xcolor Info: Model `RGB' extended on input line 1364.
Package xcolor Info: Model `HTML' substituted by `rgb' on input line 1366.
Package xcolor Info: Model `Hsb' substituted by `hsb' on input line 1367.
Package xcolor Info: Model `tHsb' substituted by `hsb' on input line 1368.
Package xcolor Info: Model `HSB' substituted by `hsb' on input line 1369.
Package xcolor Info: Model `Gray' substituted by `gray' on input line 1370.
Package xcolor Info: Model `wave' substituted by `hsb' on input line 1371.
)
(/home/archive/share/lib/tex/texlive-2017-02/texmf-dist/tex/generic/pgf/basicla
yer/pgfcore.code.tex
Package: pgfcore 2010/04/11 v3.0.1a (rcs-revision 1.7)

(/home/archive/share/lib/tex/texlive-2017-02/texmf-dist/tex/generic/pgf/math/pg
fmath.code.tex
(/home/archive/share/lib/tex/texlive-2017-02/texmf-dist/tex/generic/pgf/math/pg
fmathcalc.code.tex
(/home/archive/share/lib/tex/texlive-2017-02/texmf-dist/tex/generic/pgf/math/pg
fmathutil.code.tex)
(/home/archive/share/lib/tex/texlive-2017-02/texmf-dist/tex/generic/pgf/math/pg
fmathparser.code.tex
\pgfmath@dimen=\dimen129
\pgfmath@count=\count118
\pgfmath@box=\box33
\pgfmath@toks=\toks34
\pgfmath@stack@operand=\toks35
\pgfmath@stack@operation=\toks36
)
(/home/archive/share/lib/tex/texlive-2017-02/texmf-dist/tex/generic/pgf/math/pg
fmathfunctions.code.tex
(/home/archive/share/lib/tex/texlive-2017-02/texmf-dist/tex/generic/pgf/math/pg
fmathfunctions.basic.code.tex)
(/home/archive/share/lib/tex/texlive-2017-02/texmf-dist/tex/generic/pgf/math/pg
fmathfunctions.trigonometric.code.tex)
(/home/archive/share/lib/tex/texlive-2017-02/texmf-dist/tex/generic/pgf/math/pg
fmathfunctions.random.code.tex)
(/home/archive/share/lib/tex/texlive-2017-02/texmf-dist/tex/generic/pgf/math/pg
fmathfunctions.comparison.code.tex)
(/home/archive/share/lib/tex/texlive-2017-02/texmf-dist/tex/generic/pgf/math/pg
fmathfunctions.base.code.tex)
(/home/archive/share/lib/tex/texlive-2017-02/texmf-dist/tex/generic/pgf/math/pg
fmathfunctions.round.code.tex)
(/home/archive/share/lib/tex/texlive-2017-02/texmf-dist/tex/generic/pgf/math/pg
fmathfunctions.misc.code.tex)
(/home/archive/share/lib/tex/texlive-2017-02/texmf-dist/tex/generic/pgf/math/pg
fmathfunctions.integerarithmetics.code.tex)))
(/home/archive/share/lib/tex/texlive-2017-02/texmf-dist/tex/generic/pgf/math/pg
fmathfloat.code.tex
\c@pgfmathroundto@lastzeros=\count119
))
(/home/archive/share/lib/tex/texlive-2017-02/texmf-dist/tex/generic/pgf/basicla
yer/pgfcorepoints.code.tex
File: pgfcorepoints.code.tex 2013/10/07  (rcs-revision 1.27)
\pgf@picminx=\dimen130
\pgf@picmaxx=\dimen131
\pgf@picminy=\dimen132
\pgf@picmaxy=\dimen133
\pgf@pathminx=\dimen134
\pgf@pathmaxx=\dimen135
\pgf@pathminy=\dimen136
\pgf@pathmaxy=\dimen137
\pgf@xx=\dimen138
\pgf@xy=\dimen139
\pgf@yx=\dimen140
\pgf@yy=\dimen141
\pgf@zx=\dimen142
\pgf@zy=\dimen143
)
(/home/archive/share/lib/tex/texlive-2017-02/texmf-dist/tex/generic/pgf/basicla
yer/pgfcorepathconstruct.code.tex
File: pgfcorepathconstruct.code.tex 2013/10/07  (rcs-revision 1.29)
\pgf@path@lastx=\dimen144
\pgf@path@lasty=\dimen145
)
(/home/archive/share/lib/tex/texlive-2017-02/texmf-dist/tex/generic/pgf/basicla
yer/pgfcorepathusage.code.tex
File: pgfcorepathusage.code.tex 2014/11/02  (rcs-revision 1.24)
\pgf@shorten@end@additional=\dimen146
\pgf@shorten@start@additional=\dimen147
)
(/home/archive/share/lib/tex/texlive-2017-02/texmf-dist/tex/generic/pgf/basicla
yer/pgfcorescopes.code.tex
File: pgfcorescopes.code.tex 2015/05/08  (rcs-revision 1.46)
\pgfpic=\box34
\pgf@hbox=\box35
\pgf@layerbox@main=\box36
\pgf@picture@serial@count=\count120
)
(/home/archive/share/lib/tex/texlive-2017-02/texmf-dist/tex/generic/pgf/basicla
yer/pgfcoregraphicstate.code.tex
File: pgfcoregraphicstate.code.tex 2014/11/02  (rcs-revision 1.12)
\pgflinewidth=\dimen148
)
(/home/archive/share/lib/tex/texlive-2017-02/texmf-dist/tex/generic/pgf/basicla
yer/pgfcoretransformations.code.tex
File: pgfcoretransformations.code.tex 2015/08/07  (rcs-revision 1.20)
\pgf@pt@x=\dimen149
\pgf@pt@y=\dimen150
\pgf@pt@temp=\dimen151
)
(/home/archive/share/lib/tex/texlive-2017-02/texmf-dist/tex/generic/pgf/basicla
yer/pgfcorequick.code.tex
File: pgfcorequick.code.tex 2008/10/09  (rcs-revision 1.3)
)
(/home/archive/share/lib/tex/texlive-2017-02/texmf-dist/tex/generic/pgf/basicla
yer/pgfcoreobjects.code.tex
File: pgfcoreobjects.code.tex 2006/10/11  (rcs-revision 1.2)
)
(/home/archive/share/lib/tex/texlive-2017-02/texmf-dist/tex/generic/pgf/basicla
yer/pgfcorepathprocessing.code.tex
File: pgfcorepathprocessing.code.tex 2013/09/09  (rcs-revision 1.9)
)
(/home/archive/share/lib/tex/texlive-2017-02/texmf-dist/tex/generic/pgf/basicla
yer/pgfcorearrows.code.tex
File: pgfcorearrows.code.tex 2015/05/14  (rcs-revision 1.43)
\pgfarrowsep=\dimen152
)
(/home/archive/share/lib/tex/texlive-2017-02/texmf-dist/tex/generic/pgf/basicla
yer/pgfcoreshade.code.tex
File: pgfcoreshade.code.tex 2013/07/15  (rcs-revision 1.15)
\pgf@max=\dimen153
\pgf@sys@shading@range@num=\count121
)
(/home/archive/share/lib/tex/texlive-2017-02/texmf-dist/tex/generic/pgf/basicla
yer/pgfcoreimage.code.tex
File: pgfcoreimage.code.tex 2013/07/15  (rcs-revision 1.18)

(/home/archive/share/lib/tex/texlive-2017-02/texmf-dist/tex/generic/pgf/basicla
yer/pgfcoreexternal.code.tex
File: pgfcoreexternal.code.tex 2014/07/09  (rcs-revision 1.21)
\pgfexternal@startupbox=\box37
))
(/home/archive/share/lib/tex/texlive-2017-02/texmf-dist/tex/generic/pgf/basicla
yer/pgfcorelayers.code.tex
File: pgfcorelayers.code.tex 2013/07/18  (rcs-revision 1.7)
)
(/home/archive/share/lib/tex/texlive-2017-02/texmf-dist/tex/generic/pgf/basicla
yer/pgfcoretransparency.code.tex
File: pgfcoretransparency.code.tex 2013/09/30  (rcs-revision 1.5)
)
(/home/archive/share/lib/tex/texlive-2017-02/texmf-dist/tex/generic/pgf/basicla
yer/pgfcorepatterns.code.tex
File: pgfcorepatterns.code.tex 2013/11/07  (rcs-revision 1.5)
)))
(/home/archive/share/lib/tex/texlive-2017-02/texmf-dist/tex/generic/pgf/modules
/pgfmoduleshapes.code.tex
File: pgfmoduleshapes.code.tex 2014/03/21  (rcs-revision 1.35)
\pgfnodeparttextbox=\box38
)
(/home/archive/share/lib/tex/texlive-2017-02/texmf-dist/tex/generic/pgf/modules
/pgfmoduleplot.code.tex
File: pgfmoduleplot.code.tex 2015/08/03  (rcs-revision 1.13)
)
(/home/archive/share/lib/tex/texlive-2017-02/texmf-dist/tex/latex/pgf/compatibi
lity/pgfcomp-version-0-65.sty
Package: pgfcomp-version-0-65 2007/07/03 v3.0.1a (rcs-revision 1.7)
\pgf@nodesepstart=\dimen154
\pgf@nodesepend=\dimen155
)
(/home/archive/share/lib/tex/texlive-2017-02/texmf-dist/tex/latex/pgf/compatibi
lity/pgfcomp-version-1-18.sty
Package: pgfcomp-version-1-18 2007/07/23 v3.0.1a (rcs-revision 1.1)
))
(/home/archive/share/lib/tex/texlive-2017-02/texmf-dist/tex/latex/pgf/utilities
/pgffor.sty
(/home/archive/share/lib/tex/texlive-2017-02/texmf-dist/tex/latex/pgf/utilities
/pgfkeys.sty
(/home/archive/share/lib/tex/texlive-2017-02/texmf-dist/tex/generic/pgf/utiliti
es/pgfkeys.code.tex))
(/home/archive/share/lib/tex/texlive-2017-02/texmf-dist/tex/latex/pgf/math/pgfm
ath.sty
(/home/archive/share/lib/tex/texlive-2017-02/texmf-dist/tex/generic/pgf/math/pg
fmath.code.tex))
(/home/archive/share/lib/tex/texlive-2017-02/texmf-dist/tex/generic/pgf/utiliti
es/pgffor.code.tex
Package: pgffor 2013/12/13 v3.0.1a (rcs-revision 1.25)

(/home/archive/share/lib/tex/texlive-2017-02/texmf-dist/tex/generic/pgf/math/pg
fmath.code.tex)
\pgffor@iter=\dimen156
\pgffor@skip=\dimen157
\pgffor@stack=\toks37
\pgffor@toks=\toks38
))
(/home/archive/share/lib/tex/texlive-2017-02/texmf-dist/tex/generic/pgf/fronten
dlayer/tikz/tikz.code.tex
Package: tikz 2015/08/07 v3.0.1a (rcs-revision 1.151)

(/home/archive/share/lib/tex/texlive-2017-02/texmf-dist/tex/generic/pgf/librari
es/pgflibraryplothandlers.code.tex
File: pgflibraryplothandlers.code.tex 2013/08/31 v3.0.1a (rcs-revision 1.20)
\pgf@plot@mark@count=\count122
\pgfplotmarksize=\dimen158
)
\tikz@lastx=\dimen159
\tikz@lasty=\dimen160
\tikz@lastxsaved=\dimen161
\tikz@lastysaved=\dimen162
\tikzleveldistance=\dimen163
\tikzsiblingdistance=\dimen164
\tikz@figbox=\box39
\tikz@figbox@bg=\box40
\tikz@tempbox=\box41
\tikz@tempbox@bg=\box42
\tikztreelevel=\count123
\tikznumberofchildren=\count124
\tikznumberofcurrentchild=\count125
\tikz@fig@count=\count126

(/home/archive/share/lib/tex/texlive-2017-02/texmf-dist/tex/generic/pgf/modules
/pgfmodulematrix.code.tex
File: pgfmodulematrix.code.tex 2013/09/17  (rcs-revision 1.8)
\pgfmatrixcurrentrow=\count127
\pgfmatrixcurrentcolumn=\count128
\pgf@matrix@numberofcolumns=\count129
)
\tikz@expandcount=\count130

(/home/archive/share/lib/tex/texlive-2017-02/texmf-dist/tex/generic/pgf/fronten
dlayer/tikz/libraries/tikzlibrarytopaths.code.tex
File: tikzlibrarytopaths.code.tex 2008/06/17 v3.0.1a (rcs-revision 1.2)
)))
(/home/archive/share/lib/tex/texlive-2017-02/texmf-dist/tex/generic/pgf/fronten
dlayer/tikz/libraries/tikzlibrarydecorations.markings.code.tex
(/home/archive/share/lib/tex/texlive-2017-02/texmf-dist/tex/generic/pgf/fronten
dlayer/tikz/libraries/tikzlibrarydecorations.code.tex
(/home/archive/share/lib/tex/texlive-2017-02/texmf-dist/tex/generic/pgf/modules
/pgfmoduledecorations.code.tex
\pgfdecoratedcompleteddistance=\dimen165
\pgfdecoratedremainingdistance=\dimen166
\pgfdecoratedinputsegmentcompleteddistance=\dimen167
\pgfdecoratedinputsegmentremainingdistance=\dimen168
\pgf@decorate@distancetomove=\dimen169
\pgf@decorate@repeatstate=\count131
\pgfdecorationsegmentamplitude=\dimen170
\pgfdecorationsegmentlength=\dimen171
)
\tikz@lib@dec@box=\box43
)
(/home/archive/share/lib/tex/texlive-2017-02/texmf-dist/tex/generic/pgf/librari
es/decorations/pgflibrarydecorations.markings.code.tex))
(/home/archive/share/lib/tex/texlive-2017-02/texmf-dist/tex/latex/tools/variore
f.sty
Package: varioref 2016/02/16 v1.5c package for extended references (FMi)
\c@vrcnt=\count132
) (./uuthesis-2016-h.sty
Package: uuthesis-2016-h 2016/05/02 v1.08

===============================================================================


This is uuthesis-2016-h.sty version 1.08 <2 May 2016>

===============================================================================

(./dissertationapproval.sty)
\uuthesis@chaptersectionspace=\dimen172
) (./mythesis.sty) (./sample-thesis-0.aux
(./chap1.aux) (./chap2.aux) (./chap3.aux) (./chap4.aux) (./appa.aux)
(./appb.aux) (./appc.aux))
\openout1 = `sample-thesis-0.aux'.

LaTeX Font Info:    Checking defaults for OML/cmm/m/it on input line 197.
LaTeX Font Info:    ... okay on input line 197.
LaTeX Font Info:    Checking defaults for T1/cmr/m/n on input line 197.
LaTeX Font Info:    ... okay on input line 197.
LaTeX Font Info:    Checking defaults for OT1/cmr/m/n on input line 197.
LaTeX Font Info:    ... okay on input line 197.
LaTeX Font Info:    Checking defaults for OMS/cmsy/m/n on input line 197.
LaTeX Font Info:    ... okay on input line 197.
LaTeX Font Info:    Checking defaults for OMX/cmex/m/n on input line 197.
LaTeX Font Info:    ... okay on input line 197.
LaTeX Font Info:    Checking defaults for U/cmr/m/n on input line 197.
LaTeX Font Info:    ... okay on input line 197.
LaTeX Font Info:    Try loading font information for OT1+ppl on input line 197.


(/home/archive/share/lib/tex/texlive-2017-02/texmf-dist/tex/latex/psnfss/ot1ppl
.fd
File: ot1ppl.fd 2001/06/04 font definitions for OT1/ppl.
)
(/home/archive/share/lib/tex/texlive-2017-02/texmf-dist/tex/context/base/supp-p
df.mkii
[Loading MPS to PDF converter (version 2006.09.02).]
\scratchcounter=\count133
\scratchdimen=\dimen173
\scratchbox=\box44
\nofMPsegments=\count134
\nofMParguments=\count135
\everyMPshowfont=\toks39
\MPscratchCnt=\count136
\MPscratchDim=\dimen174
\MPnumerator=\count137
\makeMPintoPDFobject=\count138
\everyMPtoPDFconversion=\toks40
)
(/home/archive/share/lib/tex/texlive-2017-02/texmf-dist/tex/generic/oberdiek/pd
ftexcmds.sty
Package: pdftexcmds 2016/05/21 v0.22 Utility functions of pdfTeX for LuaTeX (HO
)

(/home/archive/share/lib/tex/texlive-2017-02/texmf-dist/tex/generic/oberdiek/if
luatex.sty
Package: ifluatex 2016/05/16 v1.4 Provides the ifluatex switch (HO)
Package ifluatex Info: LuaTeX not detected.
)
(/home/archive/share/lib/tex/texlive-2017-02/texmf-dist/tex/generic/ifpdf/ifpdf
.sty
Package: ifpdf 2016/04/04 v3.0 Provides the ifpdf switch
)
Package pdftexcmds Info: LuaTeX not detected.
Package pdftexcmds Info: \pdf@primitive is available.
Package pdftexcmds Info: \pdf@ifprimitive is available.
Package pdftexcmds Info: \pdfdraftmode found.
)
(/home/archive/share/lib/tex/texlive-2017-02/texmf-dist/tex/latex/oberdiek/epst
opdf-base.sty
Package: epstopdf-base 2016/05/15 v2.6 Base part for package epstopdf

(/home/archive/share/lib/tex/texlive-2017-02/texmf-dist/tex/latex/oberdiek/grfe
xt.sty
Package: grfext 2016/05/16 v1.2 Manage graphics extensions (HO)

(/home/archive/share/lib/tex/texlive-2017-02/texmf-dist/tex/generic/oberdiek/kv
definekeys.sty
Package: kvdefinekeys 2016/05/16 v1.4 Define keys (HO)
))
(/home/archive/share/lib/tex/texlive-2017-02/texmf-dist/tex/latex/oberdiek/kvop
tions.sty
Package: kvoptions 2016/05/16 v3.12 Key value format for package options (HO)

(/home/archive/share/lib/tex/texlive-2017-02/texmf-dist/tex/generic/oberdiek/kv
setkeys.sty
Package: kvsetkeys 2016/05/16 v1.17 Key value parser (HO)

(/home/archive/share/lib/tex/texlive-2017-02/texmf-dist/tex/generic/oberdiek/et
excmds.sty
Package: etexcmds 2016/05/16 v1.6 Avoid name clashes with e-TeX commands (HO)
Package etexcmds Info: Could not find \expanded.
(etexcmds)             That can mean that you are not using pdfTeX 1.50 or
(etexcmds)             that some package has redefined \expanded.
(etexcmds)             In the latter case, load this package earlier.
)))
Package epstopdf-base Info: Redefining graphics rule for `.eps' on input line 4
38.
Package grfext Info: Graphics extension search list:
(grfext)             [.png,.pdf,.jpg,.mps,.jpeg,.jbig2,.jb2,.PNG,.PDF,.JPG,.JPE
G,.JBIG2,.JB2,.eps]
(grfext)             \AppendGraphicsExtensions on input line 456.

(/home/archive/share/lib/tex/texlive-2017-02/texmf-dist/tex/latex/latexconfig/e
pstopdf-sys.cfg
File: epstopdf-sys.cfg 2010/07/13 v1.3 Configuration of (r)epstopdf for TeX Liv
e
)) ABD: EveryShipout initializing macros
LaTeX Font Info:    Font shape `OT1/ppl/bx/n' in size <14.4> not available
(Font)              Font shape `OT1/ppl/b/n' tried instead on input line 201.
LaTeX Font Info:    Try loading font information for OML+zplm on input line 201
.

(/home/archive/share/lib/tex/texlive-2017-02/texmf-dist/tex/latex/psnfss/omlzpl
m.fd
File: omlzplm.fd 2002/09/08 Fontinst v1.914 font definitions for OML/zplm.
)
LaTeX Font Info:    Try loading font information for OMS+zplm on input line 201
.

(/home/archive/share/lib/tex/texlive-2017-02/texmf-dist/tex/latex/psnfss/omszpl
m.fd
File: omszplm.fd 2002/09/08 Fontinst v1.914 font definitions for OMS/zplm.
)
LaTeX Font Info:    Try loading font information for OMX+zplm on input line 201
.

(/home/archive/share/lib/tex/texlive-2017-02/texmf-dist/tex/latex/psnfss/omxzpl
m.fd
File: omxzplm.fd 2002/09/08 Fontinst v1.914 font definitions for OMX/zplm.
)
LaTeX Font Info:    Try loading font information for OT1+zplm on input line 201
.

(/home/archive/share/lib/tex/texlive-2017-02/texmf-dist/tex/latex/psnfss/ot1zpl
m.fd
File: ot1zplm.fd 2002/09/08 Fontinst v1.914 font definitions for OT1/zplm.
)
LaTeX Font Info:    Font shape `U/msa/m/n' will be
(Font)              scaled to size 11.40997pt on input line 201.
LaTeX Font Info:    Font shape `U/msa/m/n' will be
(Font)              scaled to size 8.33606pt on input line 201.
LaTeX Font Info:    Font shape `U/msa/m/n' will be
(Font)              scaled to size 6.25204pt on input line 201.
LaTeX Font Info:    Font shape `U/msb/m/n' will be
(Font)              scaled to size 11.40997pt on input line 201.
LaTeX Font Info:    Font shape `U/msb/m/n' will be
(Font)              scaled to size 8.33606pt on input line 201.
LaTeX Font Info:    Font shape `U/msb/m/n' will be
(Font)              scaled to size 6.25204pt on input line 201.

Title.
[-1

{/usr/uumath/texlive/2017/texmf-var/fonts/map/pdftex/updmap/pdftex.map}]
LaTeX Font Info:    Try loading font information for OMS+ppl on input line 202.


(/home/archive/share/lib/tex/texlive-2017-02/texmf-dist/tex/latex/psnfss/omsppl
.fd
File: omsppl.fd 
)
LaTeX Font Info:    Font shape `OMS/ppl/m/n' in size <10.95> not available
(Font)              Font shape `OMS/cmsy/m/n' tried instead on input line 202.

Copyright.
[-1]
LaTeX Font Info:    Font shape `OT1/ppl/bx/n' in size <10.95> not available
(Font)              Font shape `OT1/ppl/b/n' tried instead on input line 203.
LaTeX Font Info:    Font shape `OT1/ppl/bx/n' in size <12> not available
(Font)              Font shape `OT1/ppl/b/n' tried instead on input line 203.
 [2] (./abstract.tex)
Abstract.
[3]
Dedication.
[4] (./sample-thesis-0.toc)
\tf@toc=\write4
\openout4 = `sample-thesis-0.toc'.


Contents.
[5]
List of Figures.
(./sample-thesis-0.lof)
\tf@lof=\write5
\openout5 = `sample-thesis-0.lof'.

 [6]
List of Tables.
(./sample-thesis-0.lot)
\tf@lot=\write6
\openout6 = `sample-thesis-0.lot'.

 [7]
Notation and Symbols.
(./notation.tex) [8]
\openout2 = `chap1.aux'.

 (./chap1.tex
DEBUG: @chapter: arg 1 = [The First]
DEBUG: @chapter: arg 2 = [{\hyphenpenalty =10000\exhyphenpenalty =10000\relax T
he First}]
CHAPTER 1.
LaTeX Font Info:    Font shape `U/msa/m/n' will be
(Font)              scaled to size 15.0049pt on input line 10.
LaTeX Font Info:    Font shape `U/msa/m/n' will be
(Font)              scaled to size 10.42007pt on input line 10.
LaTeX Font Info:    Font shape `U/msb/m/n' will be
(Font)              scaled to size 15.0049pt on input line 10.
LaTeX Font Info:    Font shape `U/msb/m/n' will be
(Font)              scaled to size 10.42007pt on input line 10.
<fig1.pdf, id=41, 216.81pt x 72.27pt>
File: fig1.pdf Graphic file (type pdf)
 <use fig1.pdf>
Package pdftex.def Info: fig1.pdf used on input line 35.
(pdftex.def)             Requested size: 216.80946pt x 72.2698pt.
LaTeX Font Info:    Font shape `U/msa/m/n' will be
(Font)              scaled to size 12.50409pt on input line 42.
LaTeX Font Info:    Font shape `U/msa/m/n' will be
(Font)              scaled to size 9.37807pt on input line 42.
LaTeX Font Info:    Font shape `U/msa/m/n' will be
(Font)              scaled to size 7.29405pt on input line 42.
LaTeX Font Info:    Font shape `U/msb/m/n' will be
(Font)              scaled to size 12.50409pt on input line 42.
LaTeX Font Info:    Font shape `U/msb/m/n' will be
(Font)              scaled to size 9.37807pt on input line 42.
LaTeX Font Info:    Font shape `U/msb/m/n' will be
(Font)              scaled to size 7.29405pt on input line 42.

Underfull \vbox (badness 10000) has occurred while \output is active []

 [1


]
Underfull \vbox (badness 10000) has occurred while \output is active []


Overfull \vbox (7.47873pt too high) has occurred while \output is active []


[2 <./fig1.pdf>] <fig2.pdf, id=52, 216.81pt x 72.27pt>
File: fig2.pdf Graphic file (type pdf)
 <use fig2.pdf>
Package pdftex.def Info: fig2.pdf used on input line 85.
(pdftex.def)             Requested size: 216.80946pt x 72.2698pt.

Underfull \vbox (badness 10000) has occurred while \output is active []


Overfull \vbox (7.47873pt too high) has occurred while \output is active []


[3 <./fig2.pdf>]
Underfull \vbox (badness 5490) has occurred while \output is active []


Overfull \vbox (7.643pt too high) has occurred while \output is active []

 [4]
Underfull \vbox (badness 10000) has occurred while \output is active []


Overfull \vbox (7.47873pt too high) has occurred while \output is active []


[5]
Overfull \hbox (1.4408pt too wide) in paragraph at lines 240--243
[]\OT1/ppl/m/n/10.95 The Free Soft-ware Foun-da-tion of-fers al-most 300 soft-w
are pack-ages, most eas-ily portable
 []


Underfull \hbox (badness 1688) in paragraph at lines 245--543
\OT1/cmtt/m/n/10.95 ddd\OT1/ppl/m/n/10.95 , \OT1/cmtt/m/n/10.95 ddrescue\OT1/pp
l/m/n/10.95 , \OT1/cmtt/m/n/10.95 dejagnu\OT1/ppl/m/n/10.95 , \OT1/cmtt/m/n/10.
95 denemo\OT1/ppl/m/n/10.95 , \OT1/cmtt/m/n/10.95 dico\OT1/ppl/m/n/10.95 , \OT1
/cmtt/m/n/10.95 diction\OT1/ppl/m/n/10.95 , \OT1/cmtt/m/n/10.95 diffutils\OT1/p
pl/m/n/10.95 , \OT1/cmtt/m/n/10.95 dionysus\OT1/ppl/m/n/10.95 , \OT1/cmtt/m/n/1
0.95 direvent\OT1/ppl/m/n/10.95 ,
 []


Underfull \hbox (badness 1838) in paragraph at lines 245--543
\OT1/cmtt/m/n/10.95 gawk\OT1/ppl/m/n/10.95 , \OT1/cmtt/m/n/10.95 gcal\OT1/ppl/m
/n/10.95 , \OT1/cmtt/m/n/10.95 gcc\OT1/ppl/m/n/10.95 , \OT1/cmtt/m/n/10.95 gcid
e\OT1/ppl/m/n/10.95 , \OT1/cmtt/m/n/10.95 gcl\OT1/ppl/m/n/10.95 , \OT1/cmtt/m/n
/10.95 gcompris\OT1/ppl/m/n/10.95 , \OT1/cmtt/m/n/10.95 gdb\OT1/ppl/m/n/10.95 ,
 \OT1/cmtt/m/n/10.95 gdbm\OT1/ppl/m/n/10.95 , \OT1/cmtt/m/n/10.95 gengen\OT1/pp
l/m/n/10.95 , \OT1/cmtt/m/n/10.95 gengetopt\OT1/ppl/m/n/10.95 , \OT1/cmtt/m/n/1
0.95 gettext\OT1/ppl/m/n/10.95 ,
 []


Underfull \hbox (badness 1210) in paragraph at lines 245--543
\OT1/cmtt/m/n/10.95 gforth\OT1/ppl/m/n/10.95 , \OT1/cmtt/m/n/10.95 ggradebook\O
T1/ppl/m/n/10.95 , \OT1/cmtt/m/n/10.95 ghostscript\OT1/ppl/m/n/10.95 , \OT1/cmt
t/m/n/10.95 gift\OT1/ppl/m/n/10.95 , \OT1/cmtt/m/n/10.95 gleem\OT1/ppl/m/n/10.9
5 , \OT1/cmtt/m/n/10.95 glibc\OT1/ppl/m/n/10.95 , \OT1/cmtt/m/n/10.95 global\OT
1/ppl/m/n/10.95 , \OT1/cmtt/m/n/10.95 glpk\OT1/ppl/m/n/10.95 , \OT1/cmtt/m/n/10
.95 gmp\OT1/ppl/m/n/10.95 , \OT1/cmtt/m/n/10.95 gnash\OT1/ppl/m/n/10.95 ,
 []


Underfull \hbox (badness 1460) in paragraph at lines 245--543
\OT1/cmtt/m/n/10.95 gnuprologjava\OT1/ppl/m/n/10.95 , \OT1/cmtt/m/n/10.95 gnura
dio\OT1/ppl/m/n/10.95 , \OT1/cmtt/m/n/10.95 gnurobots\OT1/ppl/m/n/10.95 , \OT1/
cmtt/m/n/10.95 gnuschool\OT1/ppl/m/n/10.95 , \OT1/cmtt/m/n/10.95 gnushogi\OT1/p
pl/m/n/10.95 , \OT1/cmtt/m/n/10.95 gnusound\OT1/ppl/m/n/10.95 , \OT1/cmtt/m/n/1
0.95 gnuspeech\OT1/ppl/m/n/10.95 ,
 []


Underfull \hbox (badness 1210) in paragraph at lines 245--543
\OT1/cmtt/m/n/10.95 idutils\OT1/ppl/m/n/10.95 , \OT1/cmtt/m/n/10.95 ignuit\OT1/
ppl/m/n/10.95 , \OT1/cmtt/m/n/10.95 indent\OT1/ppl/m/n/10.95 , \OT1/cmtt/m/n/10
.95 inetutils\OT1/ppl/m/n/10.95 , \OT1/cmtt/m/n/10.95 intlfonts\OT1/ppl/m/n/10.
95 , \OT1/cmtt/m/n/10.95 jacal\OT1/ppl/m/n/10.95 , \OT1/cmtt/m/n/10.95 jel\OT1/
ppl/m/n/10.95 , \OT1/cmtt/m/n/10.95 jwhois\OT1/ppl/m/n/10.95 , \OT1/cmtt/m/n/10
.95 kawa\OT1/ppl/m/n/10.95 , \OT1/cmtt/m/n/10.95 less\OT1/ppl/m/n/10.95 ,
 []


Underfull \vbox (badness 10000) has occurred while \output is active []


Overfull \vbox (7.47873pt too high) has occurred while \output is active []


[6]
Underfull \vbox (badness 10000) has occurred while \output is active []


Overfull \vbox (7.47873pt too high) has occurred while \output is active []


[7] <fig3.pdf, id=74, 216.81pt x 72.27pt>
File: fig3.pdf Graphic file (type pdf)
 <use fig3.pdf>
Package pdftex.def Info: fig3.pdf used on input line 558.
(pdftex.def)             Requested size: 216.80946pt x 72.2698pt.

Underfull \vbox (badness 10000) has occurred while \output is active []


Overfull \vbox (7.47873pt too high) has occurred while \output is active []


[8 <./fig3.pdf>]
File: fig1.pdf Graphic file (type pdf)
 <use fig1.pdf>
Package pdftex.def Info: fig1.pdf used on input line 592.
(pdftex.def)             Requested size: 108.40472pt x 36.1349pt.
File: fig1.pdf Graphic file (type pdf)
 <use fig1.pdf>
Package pdftex.def Info: fig1.pdf used on input line 598.
(pdftex.def)             Requested size: 162.60709pt x 54.20235pt.
File: fig1.pdf Graphic file (type pdf)
 <use fig1.pdf>
Package pdftex.def Info: fig1.pdf used on input line 604.
(pdftex.def)             Requested size: 216.80946pt x 72.2698pt.
File: fig1.pdf Graphic file (type pdf)
 <use fig1.pdf>
Package pdftex.def Info: fig1.pdf used on input line 610.
(pdftex.def)             Requested size: 271.01183pt x 90.33725pt.
File: fig1.pdf Graphic file (type pdf)

<use fig1.pdf>
Package pdftex.def Info: fig1.pdf used on input line 616.
(pdftex.def)             Requested size: 379.41655pt x 126.47215pt.

Underfull \vbox (badness 10000) has occurred while \output is active []


Overfull \vbox (7.47873pt too high) has occurred while \output is active []


[9]
Overfull \vbox (7.643pt too high) has occurred while \output is active []

 [10]
File: fig1.pdf Graphic file (type pdf)

<use fig1.pdf>
Package pdftex.def Info: fig1.pdf used on input line 672.
(pdftex.def)             Requested size: 108.40472pt x 36.1349pt.
File: fig1.pdf Graphic file (type pdf)
 <use fig1.pdf>
Package pdftex.def Info: fig1.pdf used on input line 677.
(pdftex.def)             Requested size: 162.60709pt x 54.20235pt.

Underfull \vbox (badness 10000) has occurred while \output is active []


Overfull \vbox (7.643pt too high) has occurred while \output is active []

 [11]
Overfull \vbox (7.643pt too high) has occurred while \output is active []

 [12]
File: fig1.pdf Graphic file (type pdf)

<use fig1.pdf>
Package pdftex.def Info: fig1.pdf used on input line 757.
(pdftex.def)             Requested size: 320.09349pt x 106.71088pt.

Underfull \vbox (badness 10000) has occurred while \output is active []


Overfull \vbox (7.643pt too high) has occurred while \output is active []

 [13])
Overfull \vbox (7.643pt too high) has occurred while \output is active []

 [14]
\openout2 = `chap2.aux'.


(./chap2.tex
DEBUG: @chapter: arg 1 = [The Second]
DEBUG: @chapter: arg 2 = [{\hyphenpenalty =10000\exhyphenpenalty =10000\relax T
he Second}]
CHAPTER 2.
) [15



]
\openout2 = `chap3.aux'.

 (./chap3.tex
DEBUG: @chapter: arg 1 = [The Third]
DEBUG: @chapter: arg 2 = [{\hyphenpenalty =10000\exhyphenpenalty =10000\relax T
he Third}]
CHAPTER 3.
) [16



]
\openout2 = `chap4.aux'.

 (./chap4.tex
DEBUG: @chapter: arg 1 = [The Fourth]
DEBUG: @chapter: arg 2 = [{\hyphenpenalty =10000\exhyphenpenalty =10000\relax T
he Fourth}]
CHAPTER 4.

Underfull \vbox (badness 10000) has occurred while \output is active []

 [17



])
Overfull \vbox (7.643pt too high) has occurred while \output is active []

 [18]
\openout2 = `appa.aux'.


(./appa.tex
DEBUG: @chapter: arg 1 = [The First]
DEBUG: @chapter: arg 2 = [{\hyphenpenalty =10000\exhyphenpenalty =10000\relax T
he First}]
APPENDIX A.
) [19



]
\openout2 = `appb.aux'.

 (./appb.tex
DEBUG: @chapter: arg 1 = [The Second]
DEBUG: @chapter: arg 2 = [{\hyphenpenalty =10000\exhyphenpenalty =10000\relax T
he Second}]
APPENDIX B.
) [20



]
\openout2 = `appc.aux'.

 (./appc.tex
DEBUG: @chapter: arg 1 = [The Third]
DEBUG: @chapter: arg 2 = [{\hyphenpenalty =10000\exhyphenpenalty =10000\relax T
he Third}]
APPENDIX C.

Underfull \vbox (badness 10000) has occurred while \output is active []

 [21



]
Underfull \vbox (badness 10000) has occurred while \output is active []


Overfull \vbox (7.47873pt too high) has occurred while \output is active []


[22])
Overfull \vbox (7.47873pt too high) has occurred while \output is active []


[23] (./sample-thesis-0.bbl
Underfull \hbox (badness 10000) in paragraph at lines 59--64
[]\sc A. Ein-stein\OT1/ppl/m/n/10.95 , \OT1/ppl/m/it/10.95 Berich-ti-gung zu me
iner Ar-beit: Eine neue Bes-tim-mung der
 []

[24

]
Overfull \vbox (7.47873pt too high) has occurred while \output is active []


[25])
Overfull \vbox (7.47873pt too high) has occurred while \output is active []


[26] (./sample-thesis-0.aux (./chap1.aux) (./chap2.aux) (./chap3.aux)
(./chap4.aux) (./appa.aux) (./appb.aux) (./appc.aux)) ) 
Here is how much of TeX's memory you used:
 13828 strings out of 493013
 276690 string characters out of 6132885
 312130 words of memory out of 5000000
 16976 multiletter control sequences out of 15000+600000
 45568 words of font info for 128 fonts, out of 8000000 for 9000
 1141 hyphenation exceptions out of 8191
 55i,11n,65p,434b,315s stack positions out of 5000i,500n,10000p,200000b,80000s
{/home/archive/share/lib
/tex/texlive-2017-02/texmf-dist/fonts/enc/dvips/base/8r.enc}</home/archive/shar
e/lib/tex/texlive-2017-02/texmf-dist/fonts/type1/public/amsfonts/cm/cmcsc10.pfb
></home/archive/share/lib/tex/texlive-2017-02/texmf-dist/fonts/type1/public/ams
fonts/cm/cmmi10.pfb></home/archive/share/lib/tex/texlive-2017-02/texmf-dist/fon
ts/type1/public/amsfonts/cm/cmr10.pfb></home/archive/share/lib/tex/texlive-2017
-02/texmf-dist/fonts/type1/public/amsfonts/cm/cmsy10.pfb></home/archive/share/l
ib/tex/texlive-2017-02/texmf-dist/fonts/type1/public/amsfonts/cm/cmtt10.pfb></h
ome/archive/share/lib/tex/texlive-2017-02/texmf-dist/fonts/type1/public/mathpaz
o/fplmbi.pfb></home/archive/share/lib/tex/texlive-2017-02/texmf-dist/fonts/type
1/public/mathpazo/fplmr.pfb></home/archive/share/lib/tex/texlive-2017-02/texmf-
dist/fonts/type1/public/mathpazo/fplmri.pfb></home/archive/share/lib/tex/texliv
e-2017-02/texmf-dist/fonts/type1/hoekwater/mflogo-font/logosl10.pfb></home/arch
ive/share/lib/tex/texlive-2017-02/texmf-dist/fonts/type1/urw/palatino/uplb8a.pf
b></home/archive/share/lib/tex/texlive-2017-02/texmf-dist/fonts/type1/urw/palat
ino/uplr8a.pfb></home/archive/share/lib/tex/texlive-2017-02/texmf-dist/fonts/ty
pe1/urw/palatino/uplr8a.pfb></home/archive/share/lib/tex/texlive-2017-02/texmf-
dist/fonts/type1/urw/palatino/uplri8a.pfb>
Output written on sample-thesis-0.pdf (35 pages, 199505 bytes).
PDF statistics:
 185 PDF objects out of 1000 (max. 8388607)
 130 compressed objects within 2 object streams
 0 named destinations out of 1000 (max. 500000)
 28 words of extra memory for PDF output out of 10000 (max. 10000000)

